{
  "Guid":"edc268e9-25f1-4f9a-b17c-dbec7a7d1a13",
  "Version":"VERSION : 1.0",
  "Product":"CỔNG TIẾP NHẬN HỒ SƠ ĐỊA CHÍNH",
  "Date":"2/21/2020 9:13:44 AM",
  "Source":"[QuerySolr_GetAllWithPadding]",
  "Message":"<?xml version='1.0' encoding='UTF-8'?>
<response>
<lst name='responseHeader'><int name='status'>400</int><int name='QTime'>5</int><lst name='params'><str name='q'>*:*</str><str name='fl'>ID,USER_NAME,FUNCTION_NAME,ACTION,TIME,ERROR,IS_DELETE,CDATE,LDATE,CUSER,LUSER</str><str name='start'>0</str><arr name='fq'><str>USER_NAME:HTHANG</str><str>FUNCTION_NAME:Insert</str><str>ACTION:LOG_CHUC_NANG</str><str>TIME:[1582131600000+0700 TO 1582217999000+0700]</str><str>STATUS:false</str></arr><str name='sort'>ID desc</str><str name='rows'>5</str><str name='version'>2.2</str></lst></lst><lst name='error'><str name='msg'>Invalid Date String:'1582131600000+0700'</str><int name='code'>400</int></lst>
</response>
",
  "StackTrace":"   at SolrNet.Impl.SolrConnection.Get(String relativeUrl, IEnumerable`1 parameters)\r\n   at SolrNet.Impl.SolrQueryExecuter`1.Execute(ISolrQuery q, QueryOptions options)\r\n   at SolrNet.Impl.SolrBasicServer`1.Query(ISolrQuery query, QueryOptions options)\r\n   at SolrNet.Impl.SolrServer`1.Query(ISolrQuery query, QueryOptions options)\r\n   at CMCLIS.GATEWAY.CORE.Solr.QuerySolrBase`1.QuerySolr(String urlLoad, AbstractSolrQuery query, QueryOptions queryOptions) in E:\\CMCLIS\\CMCLIS_GATEWAY\\01-Base\\CMCLIS.GATEWAY.CORE\\Solr\\QuerySolrBase.cs:line 66\r\n   at CMCLIS.GATEWAY.CORE.Solr.QuerySolrBase`1.QuerySolr_GetAllWithPadding(String url, String keyword, List`1 lstFilter, String[] fieldSelect, List`1 lstOrder, Int32 pageIndex, Int32 pageSize, Int32& totalRecord) in E:\\CMCLIS\\CMCLIS_GATEWAY\\01-Base\\CMCLIS.GATEWAY.CORE\\Solr\\QuerySolrBase.cs:line 48",
  "Status":"0",
  "AssignedTo":"",
  "CreatedBy":"2/21/2020 9:13:44 AM"
},
{
  "Guid":"879b0145-e885-4b53-9a45-a77a0c5bcfb8",
  "Version":"VERSION : 1.0",
  "Product":"CỔNG TIẾP NHẬN HỒ SƠ ĐỊA CHÍNH",
  "Date":"2/21/2020 9:13:44 AM",
  "Source":"[LOG_CHUC_NANG_QuerySolr_GetAllWithPadding]",
  "Message":"Value cannot be null.\r\nParameter name: collection",
  "StackTrace":"   at System.Collections.Generic.List`1.InsertRange(Int32 index, IEnumerable`1 collection)\r\n   at System.Collections.Generic.List`1.AddRange(IEnumerable`1 collection)\r\n   at CMCLIS.GATEWAY.DATA.OBJECTS.LOG_CHUC_NANGDao.LOG_CHUC_NANG_QuerySolr_GetAllWithPadding(String keyword, String _USER_NAME, String _FUNCTION_NAME, String _ACTION, DateTime _TIME_START_DATE, DateTime _TIME_END_DATE, Int32 _IS_DELETE, Int32 pageIndex, Int32 pageSize, Int32& totalRecord) in E:\\CMCLIS\\CMCLIS_GATEWAY\\01-Base\\CMCLIS.GATEWAY.DATA.OBJECTS\\Implementation\\CORE_BASE\\LOG_CHUC_NANGDao.cs:line 146",
  "Status":"0",
  "AssignedTo":"",
  "CreatedBy":"2/21/2020 9:13:44 AM"
},
{
  "Guid":"4d9e1970-8a91-451a-bb8d-d003cfdfd716",
  "Version":"VERSION : 1.0",
  "Product":"CỔNG TIẾP NHẬN HỒ SƠ ĐỊA CHÍNH",
  "Date":"2/21/2020 9:25:27 AM",
  "Source":"[LOG_CHUC_NANG_GetAllWithPadding]",
  "Message":"Year, Month, and Day parameters describe an un-representable DateTime.",
  "StackTrace":"   at System.DateTime.DateToTicks(Int32 year, Int32 month, Int32 day)\r\n   at System.DateTime..ctor(Int32 year, Int32 month, Int32 day, Int32 hour, Int32 minute, Int32 second)\r\n   at CMCLIS.GATEWAY.SERVICES.API_LOG.LOG_CHUC_NANG_GetAllWithPadding(String USER_NAME, String FUNCTION_NAME, String ACTION, String TIME_START_DATE, String TIME_END_DATE, String IS_DELETE, String pageIndex, String pageSize) in E:\\CMCLIS\\CMCLIS_GATEWAY\\01-Base\\CMCLIS.GATEWAY.SERVICES\\API_LOG\\API_LOG.cs:line 129",
  "Status":"0",
  "AssignedTo":"",
  "CreatedBy":"2/21/2020 9:25:27 AM"
},
{
  "Guid":"377689c0-5384-477e-ba99-d796c41e3d12",
  "Version":"VERSION : 1.0",
  "Product":"CỔNG TIẾP NHẬN HỒ SƠ ĐỊA CHÍNH",
  "Date":"2/21/2020 9:27:41 AM",
  "Source":"[LOG_CHUC_NANG_GetAllWithPadding]",
  "Message":"Year, Month, and Day parameters describe an un-representable DateTime.",
  "StackTrace":"   at System.DateTime.DateToTicks(Int32 year, Int32 month, Int32 day)\r\n   at System.DateTime..ctor(Int32 year, Int32 month, Int32 day, Int32 hour, Int32 minute, Int32 second)\r\n   at CMCLIS.GATEWAY.SERVICES.API_LOG.LOG_CHUC_NANG_GetAllWithPadding(String USER_NAME, String FUNCTION_NAME, String ACTION, String TIME_START_DATE, String TIME_END_DATE, String IS_DELETE, String pageIndex, String pageSize) in E:\\CMCLIS\\CMCLIS_GATEWAY\\01-Base\\CMCLIS.GATEWAY.SERVICES\\API_LOG\\API_LOG.cs:line 129",
  "Status":"0",
  "AssignedTo":"",
  "CreatedBy":"2/21/2020 9:27:41 AM"
},
{
  "Guid":"605bb378-c804-41c6-b10a-2e768a46a82b",
  "Version":"VERSION : 1.0",
  "Product":"CỔNG TIẾP NHẬN HỒ SƠ ĐỊA CHÍNH",
  "Date":"2/21/2020 9:29:03 AM",
  "Source":"[LOG_CHUC_NANG_GetAllWithPadding]",
  "Message":"Year, Month, and Day parameters describe an un-representable DateTime.",
  "StackTrace":"   at System.DateTime.DateToTicks(Int32 year, Int32 month, Int32 day)\r\n   at System.DateTime..ctor(Int32 year, Int32 month, Int32 day, Int32 hour, Int32 minute, Int32 second)\r\n   at CMCLIS.GATEWAY.SERVICES.API_LOG.LOG_CHUC_NANG_GetAllWithPadding(String USER_NAME, String FUNCTION_NAME, String ACTION, String TIME_START_DATE, String TIME_END_DATE, String IS_DELETE, String pageIndex, String pageSize) in E:\\CMCLIS\\CMCLIS_GATEWAY\\01-Base\\CMCLIS.GATEWAY.SERVICES\\API_LOG\\API_LOG.cs:line 129",
  "Status":"0",
  "AssignedTo":"",
  "CreatedBy":"2/21/2020 9:29:03 AM"
},
{
  "Guid":"2a3c2317-e7d2-4065-a6e4-f07121965f0c",
  "Version":"VERSION : 1.0",
  "Product":"CỔNG TIẾP NHẬN HỒ SƠ ĐỊA CHÍNH",
  "Date":"2/21/2020 9:29:03 AM",
  "Source":"[LOG_CHUC_NANG_GetAllWithPadding]",
  "Message":"Year, Month, and Day parameters describe an un-representable DateTime.",
  "StackTrace":"   at System.DateTime.DateToTicks(Int32 year, Int32 month, Int32 day)\r\n   at System.DateTime..ctor(Int32 year, Int32 month, Int32 day, Int32 hour, Int32 minute, Int32 second)\r\n   at CMCLIS.GATEWAY.SERVICES.API_LOG.LOG_CHUC_NANG_GetAllWithPadding(String USER_NAME, String FUNCTION_NAME, String ACTION, String TIME_START_DATE, String TIME_END_DATE, String IS_DELETE, String pageIndex, String pageSize) in E:\\CMCLIS\\CMCLIS_GATEWAY\\01-Base\\CMCLIS.GATEWAY.SERVICES\\API_LOG\\API_LOG.cs:line 129",
  "Status":"0",
  "AssignedTo":"",
  "CreatedBy":"2/21/2020 9:29:06 AM"
},
{
  "Guid":"5b0088bd-e997-46dd-9b3f-69f28c7ee2b1",
  "Version":"VERSION : 1.0",
  "Product":"CỔNG TIẾP NHẬN HỒ SƠ ĐỊA CHÍNH",
  "Date":"2/21/2020 9:30:03 AM",
  "Source":"[QuerySolr_GetAllWithPadding]",
  "Message":"<?xml version='1.0' encoding='UTF-8'?>
<response>
<lst name='responseHeader'><int name='status'>400</int><int name='QTime'>16</int><lst name='params'><str name='q'>*:*</str><str name='fl'>ID,USER_NAME,FUNCTION_NAME,ACTION,TIME,ERROR,IS_DELETE,CDATE,LDATE,CUSER,LUSER</str><str name='start'>0</str><arr name='fq'><str>USER_NAME:HTHANG</str><str>FUNCTION_NAME:Insert</str><str>ACTION:LOG_CHUC_NANG</str><str>TIME:[1582131600000+0700 TO 1582217999000+0700]</str><str>STATUS:false</str></arr><str name='sort'>ID desc</str><str name='rows'>5</str><str name='version'>2.2</str></lst></lst><lst name='error'><str name='msg'>Invalid Date String:'1582131600000+0700'</str><int name='code'>400</int></lst>
</response>
",
  "StackTrace":"   at SolrNet.Impl.SolrConnection.Get(String relativeUrl, IEnumerable`1 parameters)\r\n   at SolrNet.Impl.SolrQueryExecuter`1.Execute(ISolrQuery q, QueryOptions options)\r\n   at SolrNet.Impl.SolrBasicServer`1.Query(ISolrQuery query, QueryOptions options)\r\n   at SolrNet.Impl.SolrServer`1.Query(ISolrQuery query, QueryOptions options)\r\n   at CMCLIS.GATEWAY.CORE.Solr.QuerySolrBase`1.QuerySolr(String urlLoad, AbstractSolrQuery query, QueryOptions queryOptions) in E:\\CMCLIS\\CMCLIS_GATEWAY\\01-Base\\CMCLIS.GATEWAY.CORE\\Solr\\QuerySolrBase.cs:line 66\r\n   at CMCLIS.GATEWAY.CORE.Solr.QuerySolrBase`1.QuerySolr_GetAllWithPadding(String url, String keyword, List`1 lstFilter, String[] fieldSelect, List`1 lstOrder, Int32 pageIndex, Int32 pageSize, Int32& totalRecord) in E:\\CMCLIS\\CMCLIS_GATEWAY\\01-Base\\CMCLIS.GATEWAY.CORE\\Solr\\QuerySolrBase.cs:line 48",
  "Status":"0",
  "AssignedTo":"",
  "CreatedBy":"2/21/2020 9:30:03 AM"
},
{
  "Guid":"29c2a169-06a2-4ce1-ac83-ed0fdf18372d",
  "Version":"VERSION : 1.0",
  "Product":"CỔNG TIẾP NHẬN HỒ SƠ ĐỊA CHÍNH",
  "Date":"2/21/2020 9:30:03 AM",
  "Source":"[LOG_CHUC_NANG_QuerySolr_GetAllWithPadding]",
  "Message":"Value cannot be null.\r\nParameter name: collection",
  "StackTrace":"   at System.Collections.Generic.List`1.InsertRange(Int32 index, IEnumerable`1 collection)\r\n   at System.Collections.Generic.List`1.AddRange(IEnumerable`1 collection)\r\n   at CMCLIS.GATEWAY.DATA.OBJECTS.LOG_CHUC_NANGDao.LOG_CHUC_NANG_QuerySolr_GetAllWithPadding(String keyword, String _USER_NAME, String _FUNCTION_NAME, String _ACTION, DateTime _TIME_START_DATE, DateTime _TIME_END_DATE, Int32 _IS_DELETE, Int32 pageIndex, Int32 pageSize, Int32& totalRecord) in E:\\CMCLIS\\CMCLIS_GATEWAY\\01-Base\\CMCLIS.GATEWAY.DATA.OBJECTS\\Implementation\\CORE_BASE\\LOG_CHUC_NANGDao.cs:line 146",
  "Status":"0",
  "AssignedTo":"",
  "CreatedBy":"2/21/2020 9:30:03 AM"
},
{
  "Guid":"0bc5073c-622f-4ee4-8cef-f4125a27588f",
  "Version":"VERSION : 1.0",
  "Product":"CỔNG TIẾP NHẬN HỒ SƠ ĐỊA CHÍNH",
  "Date":"2/21/2020 9:41:59 AM",
  "Source":"[LOG_CHUC_NANG_GetAllWithPadding]",
  "Message":"String was not recognized as a valid DateTime.",
  "StackTrace":"   at System.DateTimeParse.ParseExact(String s, String format, DateTimeFormatInfo dtfi, DateTimeStyles style)\r\n   at System.DateTime.ParseExact(String s, String format, IFormatProvider provider)\r\n   at CMCLIS.GATEWAY.SERVICES.API_LOG.LOG_CHUC_NANG_GetAllWithPadding(String USER_NAME, String FUNCTION_NAME, String ACTION, String TIME_START_DATE, String TIME_END_DATE, String IS_DELETE, String pageIndex, String pageSize) in E:\\CMCLIS\\CMCLIS_GATEWAY\\01-Base\\CMCLIS.GATEWAY.SERVICES\\API_LOG\\API_LOG.cs:line 134",
  "Status":"0",
  "AssignedTo":"",
  "CreatedBy":"2/21/2020 9:41:59 AM"
},
{
  "Guid":"2f610f3f-6c01-4cfb-b36e-86fab88dd93a",
  "Version":"VERSION : 1.0",
  "Product":"CỔNG TIẾP NHẬN HỒ SƠ ĐỊA CHÍNH",
  "Date":"2/21/2020 10:38:13 AM",
  "Source":"[QuerySolr_GetAllWithPadding]",
  "Message":"<?xml version='1.0' encoding='UTF-8'?>
<response>
<lst name='responseHeader'><int name='status'>400</int><int name='QTime'>7</int><lst name='params'><str name='q'>*:*</str><str name='fl'>ID,USER_NAME,FUNCTION_NAME,ACTION,TIME,ERROR,IS_DELETE,CDATE,LDATE,CUSER,LUSER</str><str name='start'>0</str><arr name='fq'><str>USER_NAME:HTHANG</str><str>FUNCTION_NAME:Insert</str><str>ACTION:LOG_CHUC_NANG</str><str>TIME:[1580490000000+0700 TO 1582217999000+0700]</str><str>STATUS:false</str></arr><str name='sort'>ID desc</str><str name='rows'>5</str><str name='version'>2.2</str></lst></lst><lst name='error'><str name='msg'>Invalid Date String:'1580490000000+0700'</str><int name='code'>400</int></lst>
</response>
",
  "StackTrace":"   at SolrNet.Impl.SolrConnection.Get(String relativeUrl, IEnumerable`1 parameters)\r\n   at SolrNet.Impl.SolrQueryExecuter`1.Execute(ISolrQuery q, QueryOptions options)\r\n   at SolrNet.Impl.SolrBasicServer`1.Query(ISolrQuery query, QueryOptions options)\r\n   at SolrNet.Impl.SolrServer`1.Query(ISolrQuery query, QueryOptions options)\r\n   at CMCLIS.GATEWAY.CORE.Solr.QuerySolrBase`1.QuerySolr(String urlLoad, AbstractSolrQuery query, QueryOptions queryOptions) in E:\\CMCLIS\\CMCLIS_GATEWAY\\01-Base\\CMCLIS.GATEWAY.CORE\\Solr\\QuerySolrBase.cs:line 66\r\n   at CMCLIS.GATEWAY.CORE.Solr.QuerySolrBase`1.QuerySolr_GetAllWithPadding(String url, String keyword, List`1 lstFilter, String[] fieldSelect, List`1 lstOrder, Int32 pageIndex, Int32 pageSize, Int32& totalRecord) in E:\\CMCLIS\\CMCLIS_GATEWAY\\01-Base\\CMCLIS.GATEWAY.CORE\\Solr\\QuerySolrBase.cs:line 48",
  "Status":"0",
  "AssignedTo":"",
  "CreatedBy":"2/21/2020 10:38:13 AM"
},
{
  "Guid":"a2df16ae-3d08-42b3-bcca-74f772e25d8e",
  "Version":"VERSION : 1.0",
  "Product":"CỔNG TIẾP NHẬN HỒ SƠ ĐỊA CHÍNH",
  "Date":"2/21/2020 10:38:13 AM",
  "Source":"[LOG_CHUC_NANG_QuerySolr_GetAllWithPadding]",
  "Message":"Value cannot be null.\r\nParameter name: collection",
  "StackTrace":"   at System.Collections.Generic.List`1.InsertRange(Int32 index, IEnumerable`1 collection)\r\n   at System.Collections.Generic.List`1.AddRange(IEnumerable`1 collection)\r\n   at CMCLIS.GATEWAY.DATA.OBJECTS.LOG_CHUC_NANGDao.LOG_CHUC_NANG_QuerySolr_GetAllWithPadding(String keyword, String _USER_NAME, String _FUNCTION_NAME, String _ACTION, Nullable`1 _TIME_START_DATE, Nullable`1 _TIME_END_DATE, Int32 _IS_DELETE, Int32 pageIndex, Int32 pageSize, Int32& totalRecord) in E:\\CMCLIS\\CMCLIS_GATEWAY\\01-Base\\CMCLIS.GATEWAY.DATA.OBJECTS\\Implementation\\CORE_BASE\\LOG_CHUC_NANGDao.cs:line 146",
  "Status":"0",
  "AssignedTo":"",
  "CreatedBy":"2/21/2020 10:38:13 AM"
},
{
  "Guid":"364752b5-d28b-4928-ac22-c7ad9014b66d",
  "Version":"VERSION : 1.0",
  "Product":"CỔNG TIẾP NHẬN HỒ SƠ ĐỊA CHÍNH",
  "Date":"2/21/2020 2:47:17 PM",
  "Source":"[SendDataToMQ]",
  "Message":"String reference not set to an instance of a String.\r\nParameter name: s",
  "StackTrace":"   at System.Text.Encoding.GetBytes(String s)\r\n   at RabbitMQ.Client.Impl.WireFormatting.WriteShortstr(NetworkBinaryWriter writer, String val)\r\n   at RabbitMQ.Client.Impl.MethodArgumentWriter.WriteShortstr(String val)\r\n   at RabbitMQ.Client.Framing.Impl.QueueDeclare.WriteArgumentsTo(MethodArgumentWriter writer)\r\n   at RabbitMQ.Client.Impl.Command.TransmitAsSingleFrame(Int32 channelNumber, Connection connection)\r\n   at RabbitMQ.Client.Impl.Command.Transmit(Int32 channelNumber, Connection connection)\r\n   at RabbitMQ.Client.Impl.SessionBase.Transmit(Command cmd)\r\n   at RabbitMQ.Client.Impl.ModelBase.ModelSend(MethodBase method, ContentHeaderBase header, Byte[] body)\r\n   at RabbitMQ.Client.Framing.Impl.Model._Private_QueueDeclare(String queue, Boolean passive, Boolean durable, Boolean exclusive, Boolean autoDelete, Boolean nowait, IDictionary`2 arguments)\r\n   at RabbitMQ.Client.Impl.ModelBase.QueueDeclare(String queue, Boolean passive, Boolean durable, Boolean exclusive, Boolean autoDelete, IDictionary`2 arguments)\r\n   at RabbitMQ.Client.Impl.ModelBase.QueueDeclare(String queue, Boolean durable, Boolean exclusive, Boolean autoDelete, IDictionary`2 arguments)\r\n   at CMCLIS.GATEWAY.CORE.MQProcess.SendDataToMQ(Byte[] body, String MQ_NAME) in E:\\CMCLIS\\CMCLIS_GATEWAY\\01-Base\\CMCLIS.GATEWAY.CORE\\Utility\\MQProcess.cs:line 29",
  "Status":"0",
  "AssignedTo":"",
  "CreatedBy":"2/21/2020 2:47:17 PM"
},
{
  "Guid":"5432fd5f-ded8-49bb-bcda-876b83d1bd32",
  "Version":"VERSION : 1.0",
  "Product":"CỔNG TIẾP NHẬN HỒ SƠ ĐỊA CHÍNH",
  "Date":"2/21/2020 2:48:12 PM",
  "Source":"[SendDataToMQ]",
  "Message":"String reference not set to an instance of a String.\r\nParameter name: s",
  "StackTrace":"   at System.Text.Encoding.GetBytes(String s)\r\n   at RabbitMQ.Client.Impl.WireFormatting.WriteShortstr(NetworkBinaryWriter writer, String val)\r\n   at RabbitMQ.Client.Impl.MethodArgumentWriter.WriteShortstr(String val)\r\n   at RabbitMQ.Client.Framing.Impl.QueueDeclare.WriteArgumentsTo(MethodArgumentWriter writer)\r\n   at RabbitMQ.Client.Impl.Command.TransmitAsSingleFrame(Int32 channelNumber, Connection connection)\r\n   at RabbitMQ.Client.Impl.Command.Transmit(Int32 channelNumber, Connection connection)\r\n   at RabbitMQ.Client.Impl.SessionBase.Transmit(Command cmd)\r\n   at RabbitMQ.Client.Impl.ModelBase.ModelSend(MethodBase method, ContentHeaderBase header, Byte[] body)\r\n   at RabbitMQ.Client.Framing.Impl.Model._Private_QueueDeclare(String queue, Boolean passive, Boolean durable, Boolean exclusive, Boolean autoDelete, Boolean nowait, IDictionary`2 arguments)\r\n   at RabbitMQ.Client.Impl.ModelBase.QueueDeclare(String queue, Boolean passive, Boolean durable, Boolean exclusive, Boolean autoDelete, IDictionary`2 arguments)\r\n   at RabbitMQ.Client.Impl.ModelBase.QueueDeclare(String queue, Boolean durable, Boolean exclusive, Boolean autoDelete, IDictionary`2 arguments)\r\n   at CMCLIS.GATEWAY.CORE.MQProcess.SendDataToMQ(Byte[] body, String MQ_NAME) in E:\\CMCLIS\\CMCLIS_GATEWAY\\01-Base\\CMCLIS.GATEWAY.CORE\\Utility\\MQProcess.cs:line 29",
  "Status":"0",
  "AssignedTo":"",
  "CreatedBy":"2/21/2020 2:48:12 PM"
},
{
  "Guid":"62090391-5006-486d-a065-686033ecfd49",
  "Version":"VERSION : 1.0",
  "Product":"CỔNG TIẾP NHẬN HỒ SƠ ĐỊA CHÍNH",
  "Date":"2/21/2020 2:51:01 PM",
  "Source":"[SendDataToMQ]",
  "Message":"String reference not set to an instance of a String.\r\nParameter name: s",
  "StackTrace":"   at System.Text.Encoding.GetBytes(String s)\r\n   at RabbitMQ.Client.Impl.WireFormatting.WriteShortstr(NetworkBinaryWriter writer, String val)\r\n   at RabbitMQ.Client.Impl.MethodArgumentWriter.WriteShortstr(String val)\r\n   at RabbitMQ.Client.Framing.Impl.QueueDeclare.WriteArgumentsTo(MethodArgumentWriter writer)\r\n   at RabbitMQ.Client.Impl.Command.TransmitAsSingleFrame(Int32 channelNumber, Connection connection)\r\n   at RabbitMQ.Client.Impl.Command.Transmit(Int32 channelNumber, Connection connection)\r\n   at RabbitMQ.Client.Impl.SessionBase.Transmit(Command cmd)\r\n   at RabbitMQ.Client.Impl.ModelBase.ModelSend(MethodBase method, ContentHeaderBase header, Byte[] body)\r\n   at RabbitMQ.Client.Framing.Impl.Model._Private_QueueDeclare(String queue, Boolean passive, Boolean durable, Boolean exclusive, Boolean autoDelete, Boolean nowait, IDictionary`2 arguments)\r\n   at RabbitMQ.Client.Impl.ModelBase.QueueDeclare(String queue, Boolean passive, Boolean durable, Boolean exclusive, Boolean autoDelete, IDictionary`2 arguments)\r\n   at RabbitMQ.Client.Impl.ModelBase.QueueDeclare(String queue, Boolean durable, Boolean exclusive, Boolean autoDelete, IDictionary`2 arguments)\r\n   at CMCLIS.GATEWAY.CORE.MQProcess.SendDataToMQ(Byte[] body, String MQ_NAME) in E:\\CMCLIS\\CMCLIS_GATEWAY\\01-Base\\CMCLIS.GATEWAY.CORE\\Utility\\MQProcess.cs:line 29",
  "Status":"0",
  "AssignedTo":"",
  "CreatedBy":"2/21/2020 2:51:01 PM"
},
{
  "Guid":"04ce9038-fe0b-475c-9765-ed330008dcee",
  "Version":"VERSION : 1.0",
  "Product":"CỔNG TIẾP NHẬN HỒ SƠ ĐỊA CHÍNH",
  "Date":"2/21/2020 2:55:49 PM",
  "Source":"[SendDataToMQ]",
  "Message":"String reference not set to an instance of a String.\r\nParameter name: s",
  "StackTrace":"   at System.Text.Encoding.GetBytes(String s)\r\n   at RabbitMQ.Client.Impl.WireFormatting.WriteShortstr(NetworkBinaryWriter writer, String val)\r\n   at RabbitMQ.Client.Impl.MethodArgumentWriter.WriteShortstr(String val)\r\n   at RabbitMQ.Client.Framing.Impl.QueueDeclare.WriteArgumentsTo(MethodArgumentWriter writer)\r\n   at RabbitMQ.Client.Impl.Command.TransmitAsSingleFrame(Int32 channelNumber, Connection connection)\r\n   at RabbitMQ.Client.Impl.Command.Transmit(Int32 channelNumber, Connection connection)\r\n   at RabbitMQ.Client.Impl.SessionBase.Transmit(Command cmd)\r\n   at RabbitMQ.Client.Impl.ModelBase.ModelSend(MethodBase method, ContentHeaderBase header, Byte[] body)\r\n   at RabbitMQ.Client.Framing.Impl.Model._Private_QueueDeclare(String queue, Boolean passive, Boolean durable, Boolean exclusive, Boolean autoDelete, Boolean nowait, IDictionary`2 arguments)\r\n   at RabbitMQ.Client.Impl.ModelBase.QueueDeclare(String queue, Boolean passive, Boolean durable, Boolean exclusive, Boolean autoDelete, IDictionary`2 arguments)\r\n   at RabbitMQ.Client.Impl.ModelBase.QueueDeclare(String queue, Boolean durable, Boolean exclusive, Boolean autoDelete, IDictionary`2 arguments)\r\n   at CMCLIS.GATEWAY.CORE.MQProcess.SendDataToMQ(Byte[] body, String MQ_NAME) in E:\\CMCLIS\\CMCLIS_GATEWAY\\01-Base\\CMCLIS.GATEWAY.CORE\\Utility\\MQProcess.cs:line 29",
  "Status":"0",
  "AssignedTo":"",
  "CreatedBy":"2/21/2020 2:55:49 PM"
},
{
  "Guid":"88082562-c263-4733-aa06-722a1d563405",
  "Version":"VERSION : 1.0",
  "Product":"CỔNG TIẾP NHẬN HỒ SƠ ĐỊA CHÍNH",
  "Date":"2/21/2020 2:58:10 PM",
  "Source":"[SendDataToMQ]",
  "Message":"String reference not set to an instance of a String.\r\nParameter name: s",
  "StackTrace":"   at System.Text.Encoding.GetBytes(String s)\r\n   at RabbitMQ.Client.Impl.WireFormatting.WriteShortstr(NetworkBinaryWriter writer, String val)\r\n   at RabbitMQ.Client.Impl.MethodArgumentWriter.WriteShortstr(String val)\r\n   at RabbitMQ.Client.Framing.Impl.QueueDeclare.WriteArgumentsTo(MethodArgumentWriter writer)\r\n   at RabbitMQ.Client.Impl.Command.TransmitAsSingleFrame(Int32 channelNumber, Connection connection)\r\n   at RabbitMQ.Client.Impl.Command.Transmit(Int32 channelNumber, Connection connection)\r\n   at RabbitMQ.Client.Impl.SessionBase.Transmit(Command cmd)\r\n   at RabbitMQ.Client.Impl.ModelBase.ModelSend(MethodBase method, ContentHeaderBase header, Byte[] body)\r\n   at RabbitMQ.Client.Framing.Impl.Model._Private_QueueDeclare(String queue, Boolean passive, Boolean durable, Boolean exclusive, Boolean autoDelete, Boolean nowait, IDictionary`2 arguments)\r\n   at RabbitMQ.Client.Impl.ModelBase.QueueDeclare(String queue, Boolean passive, Boolean durable, Boolean exclusive, Boolean autoDelete, IDictionary`2 arguments)\r\n   at RabbitMQ.Client.Impl.ModelBase.QueueDeclare(String queue, Boolean durable, Boolean exclusive, Boolean autoDelete, IDictionary`2 arguments)\r\n   at CMCLIS.GATEWAY.CORE.MQProcess.SendDataToMQ(Byte[] body, String MQ_NAME) in E:\\CMCLIS\\CMCLIS_GATEWAY\\01-Base\\CMCLIS.GATEWAY.CORE\\Utility\\MQProcess.cs:line 29",
  "Status":"0",
  "AssignedTo":"",
  "CreatedBy":"2/21/2020 2:58:10 PM"
},
{
  "Guid":"3cf65fc3-6fc2-44d7-ba2f-4f34ab015e53",
  "Version":"VERSION : 1.0",
  "Product":"CỔNG TIẾP NHẬN HỒ SƠ ĐỊA CHÍNH",
  "Date":"2/21/2020 3:04:59 PM",
  "Source":"[SendDataToMQ]",
  "Message":"String reference not set to an instance of a String.\r\nParameter name: s",
  "StackTrace":"   at System.Text.Encoding.GetBytes(String s)\r\n   at RabbitMQ.Client.Impl.WireFormatting.WriteShortstr(NetworkBinaryWriter writer, String val)\r\n   at RabbitMQ.Client.Impl.MethodArgumentWriter.WriteShortstr(String val)\r\n   at RabbitMQ.Client.Framing.Impl.QueueDeclare.WriteArgumentsTo(MethodArgumentWriter writer)\r\n   at RabbitMQ.Client.Impl.Command.TransmitAsSingleFrame(Int32 channelNumber, Connection connection)\r\n   at RabbitMQ.Client.Impl.Command.Transmit(Int32 channelNumber, Connection connection)\r\n   at RabbitMQ.Client.Impl.SessionBase.Transmit(Command cmd)\r\n   at RabbitMQ.Client.Impl.ModelBase.ModelSend(MethodBase method, ContentHeaderBase header, Byte[] body)\r\n   at RabbitMQ.Client.Framing.Impl.Model._Private_QueueDeclare(String queue, Boolean passive, Boolean durable, Boolean exclusive, Boolean autoDelete, Boolean nowait, IDictionary`2 arguments)\r\n   at RabbitMQ.Client.Impl.ModelBase.QueueDeclare(String queue, Boolean passive, Boolean durable, Boolean exclusive, Boolean autoDelete, IDictionary`2 arguments)\r\n   at RabbitMQ.Client.Impl.ModelBase.QueueDeclare(String queue, Boolean durable, Boolean exclusive, Boolean autoDelete, IDictionary`2 arguments)\r\n   at CMCLIS.GATEWAY.CORE.MQProcess.SendDataToMQ(Byte[] body, String MQ_NAME) in E:\\CMCLIS\\CMCLIS_GATEWAY\\01-Base\\CMCLIS.GATEWAY.CORE\\Utility\\MQProcess.cs:line 29",
  "Status":"0",
  "AssignedTo":"",
  "CreatedBy":"2/21/2020 3:04:59 PM"
},
{
  "Guid":"aab997eb-00e4-4be3-a14c-824bd9f89f6c",
  "Version":"VERSION : 1.0",
  "Product":"CỔNG TIẾP NHẬN HỒ SƠ ĐỊA CHÍNH",
  "Date":"2/21/2020 3:06:18 PM",
  "Source":"[SendDataToMQ]",
  "Message":"String reference not set to an instance of a String.\r\nParameter name: s",
  "StackTrace":"   at System.Text.Encoding.GetBytes(String s)\r\n   at RabbitMQ.Client.Impl.WireFormatting.WriteShortstr(NetworkBinaryWriter writer, String val)\r\n   at RabbitMQ.Client.Impl.MethodArgumentWriter.WriteShortstr(String val)\r\n   at RabbitMQ.Client.Framing.Impl.QueueDeclare.WriteArgumentsTo(MethodArgumentWriter writer)\r\n   at RabbitMQ.Client.Impl.Command.TransmitAsSingleFrame(Int32 channelNumber, Connection connection)\r\n   at RabbitMQ.Client.Impl.Command.Transmit(Int32 channelNumber, Connection connection)\r\n   at RabbitMQ.Client.Impl.SessionBase.Transmit(Command cmd)\r\n   at RabbitMQ.Client.Impl.ModelBase.ModelSend(MethodBase method, ContentHeaderBase header, Byte[] body)\r\n   at RabbitMQ.Client.Framing.Impl.Model._Private_QueueDeclare(String queue, Boolean passive, Boolean durable, Boolean exclusive, Boolean autoDelete, Boolean nowait, IDictionary`2 arguments)\r\n   at RabbitMQ.Client.Impl.ModelBase.QueueDeclare(String queue, Boolean passive, Boolean durable, Boolean exclusive, Boolean autoDelete, IDictionary`2 arguments)\r\n   at RabbitMQ.Client.Impl.ModelBase.QueueDeclare(String queue, Boolean durable, Boolean exclusive, Boolean autoDelete, IDictionary`2 arguments)\r\n   at CMCLIS.GATEWAY.CORE.MQProcess.SendDataToMQ(Byte[] body, String MQ_NAME) in E:\\CMCLIS\\CMCLIS_GATEWAY\\01-Base\\CMCLIS.GATEWAY.CORE\\Utility\\MQProcess.cs:line 29",
  "Status":"0",
  "AssignedTo":"",
  "CreatedBy":"2/21/2020 3:06:18 PM"
},
{
  "Guid":"b0d80f58-9b93-4448-8de1-9624b181a947",
  "Version":"VERSION : 1.0",
  "Product":"CỔNG TIẾP NHẬN HỒ SƠ ĐỊA CHÍNH",
  "Date":"2/21/2020 3:11:05 PM",
  "Source":"[SendDataToMQ]",
  "Message":"String reference not set to an instance of a String.\r\nParameter name: s",
  "StackTrace":"   at System.Text.Encoding.GetBytes(String s)\r\n   at RabbitMQ.Client.Impl.WireFormatting.WriteShortstr(NetworkBinaryWriter writer, String val)\r\n   at RabbitMQ.Client.Impl.MethodArgumentWriter.WriteShortstr(String val)\r\n   at RabbitMQ.Client.Framing.Impl.QueueDeclare.WriteArgumentsTo(MethodArgumentWriter writer)\r\n   at RabbitMQ.Client.Impl.Command.TransmitAsSingleFrame(Int32 channelNumber, Connection connection)\r\n   at RabbitMQ.Client.Impl.Command.Transmit(Int32 channelNumber, Connection connection)\r\n   at RabbitMQ.Client.Impl.SessionBase.Transmit(Command cmd)\r\n   at RabbitMQ.Client.Impl.ModelBase.ModelSend(MethodBase method, ContentHeaderBase header, Byte[] body)\r\n   at RabbitMQ.Client.Framing.Impl.Model._Private_QueueDeclare(String queue, Boolean passive, Boolean durable, Boolean exclusive, Boolean autoDelete, Boolean nowait, IDictionary`2 arguments)\r\n   at RabbitMQ.Client.Impl.ModelBase.QueueDeclare(String queue, Boolean passive, Boolean durable, Boolean exclusive, Boolean autoDelete, IDictionary`2 arguments)\r\n   at RabbitMQ.Client.Impl.ModelBase.QueueDeclare(String queue, Boolean durable, Boolean exclusive, Boolean autoDelete, IDictionary`2 arguments)\r\n   at CMCLIS.GATEWAY.CORE.MQProcess.SendDataToMQ(Byte[] body, String MQ_NAME) in E:\\CMCLIS\\CMCLIS_GATEWAY\\01-Base\\CMCLIS.GATEWAY.CORE\\Utility\\MQProcess.cs:line 29",
  "Status":"0",
  "AssignedTo":"",
  "CreatedBy":"2/21/2020 3:11:05 PM"
},
{
  "Guid":"27440187-7982-49c6-a69b-63121404a02e",
  "Version":"VERSION : 1.0",
  "Product":"CỔNG TIẾP NHẬN HỒ SƠ ĐỊA CHÍNH",
  "Date":"2/21/2020 3:16:10 PM",
  "Source":"[SendDataToMQ]",
  "Message":"String reference not set to an instance of a String.\r\nParameter name: s",
  "StackTrace":"   at System.Text.Encoding.GetBytes(String s)\r\n   at RabbitMQ.Client.Impl.WireFormatting.WriteShortstr(NetworkBinaryWriter writer, String val)\r\n   at RabbitMQ.Client.Impl.MethodArgumentWriter.WriteShortstr(String val)\r\n   at RabbitMQ.Client.Framing.Impl.QueueDeclare.WriteArgumentsTo(MethodArgumentWriter writer)\r\n   at RabbitMQ.Client.Impl.Command.TransmitAsSingleFrame(Int32 channelNumber, Connection connection)\r\n   at RabbitMQ.Client.Impl.Command.Transmit(Int32 channelNumber, Connection connection)\r\n   at RabbitMQ.Client.Impl.SessionBase.Transmit(Command cmd)\r\n   at RabbitMQ.Client.Impl.ModelBase.ModelSend(MethodBase method, ContentHeaderBase header, Byte[] body)\r\n   at RabbitMQ.Client.Framing.Impl.Model._Private_QueueDeclare(String queue, Boolean passive, Boolean durable, Boolean exclusive, Boolean autoDelete, Boolean nowait, IDictionary`2 arguments)\r\n   at RabbitMQ.Client.Impl.ModelBase.QueueDeclare(String queue, Boolean passive, Boolean durable, Boolean exclusive, Boolean autoDelete, IDictionary`2 arguments)\r\n   at RabbitMQ.Client.Impl.ModelBase.QueueDeclare(String queue, Boolean durable, Boolean exclusive, Boolean autoDelete, IDictionary`2 arguments)\r\n   at CMCLIS.GATEWAY.CORE.MQProcess.SendDataToMQ(Byte[] body, String MQ_NAME) in E:\\CMCLIS\\CMCLIS_GATEWAY\\01-Base\\CMCLIS.GATEWAY.CORE\\Utility\\MQProcess.cs:line 29",
  "Status":"0",
  "AssignedTo":"",
  "CreatedBy":"2/21/2020 3:16:10 PM"
},
{
  "Guid":"f8e2e06b-5911-49b4-9054-d7fbbda8aeaf",
  "Version":"VERSION : 1.0",
  "Product":"CỔNG TIẾP NHẬN HỒ SƠ ĐỊA CHÍNH",
  "Date":"2/21/2020 3:45:22 PM",
  "Source":"[SendDataToMQ]",
  "Message":"None of the specified endpoints were reachable",
  "StackTrace":"   at RabbitMQ.Client.ConnectionFactory.CreateConnection()\r\n   at CMCLIS.GATEWAY.CORE.MQProcess.SendDataToMQ(Byte[] body, String MQ_NAME) in E:\\CMCLIS\\CMCLIS_GATEWAY\\01-Base\\CMCLIS.GATEWAY.CORE\\Utility\\MQProcess.cs:line 26",
  "Status":"0",
  "AssignedTo":"",
  "CreatedBy":"2/21/2020 3:45:22 PM"
},
