{
  "Guid":"eeb9b964-ee43-455b-8f2e-02743e97a5ca",
  "Version":"VERSION : 1.0",
  "Product":"CỔNG TIẾP NHẬN HỒ SƠ ĐỊA CHÍNH",
  "Date":"2/27/2020 9:56:50 AM",
  "Source":"[LOG_CHUC_NANG_Add]",
  "Message":"String was not recognized as a valid Boolean.",
  "StackTrace":"   at System.Boolean.Parse(String value)\r\n   at CMCLIS.GATEWAY.SERVICES.API_LOG.LOG_CHUC_NANG_Add(LOG_CHUC_NANGInfo info) in E:\\CMCLIS\\CMCLIS_GATEWAY\\01-Base\\CMCLIS.GATEWAY.SERVICES\\API_LOG\\API_LOG.cs:line 52",
  "Status":"0",
  "AssignedTo":"",
  "CreatedBy":"2/27/2020 9:56:50 AM"
},
{
  "Guid":"c36640e5-8b67-4757-83ae-cb2776d25b22",
  "Version":"VERSION : 1.0",
  "Product":"CỔNG TIẾP NHẬN HỒ SƠ ĐỊA CHÍNH",
  "Date":"2/27/2020 10:01:12 AM",
  "Source":"[LOG_CHUC_NANG_Add]",
  "Message":"String was not recognized as a valid Boolean.",
  "StackTrace":"   at System.Boolean.Parse(String value)\r\n   at CMCLIS.GATEWAY.SERVICES.API_LOG.LOG_CHUC_NANG_Add(LOG_CHUC_NANGInfo info) in E:\\CMCLIS\\CMCLIS_GATEWAY\\01-Base\\CMCLIS.GATEWAY.SERVICES\\API_LOG\\API_LOG.cs:line 52",
  "Status":"0",
  "AssignedTo":"",
  "CreatedBy":"2/27/2020 10:01:12 AM"
},
{
  "Guid":"b7a79889-8673-4fe9-9ea7-04febfb22b87",
  "Version":"VERSION : 1.0",
  "Product":"CỔNG TIẾP NHẬN HỒ SƠ ĐỊA CHÍNH",
  "Date":"2/27/2020 10:06:04 AM",
  "Source":"[LOG_CHUC_NANG_Add]",
  "Message":"String must be exactly one character long.",
  "StackTrace":"   at System.Char.Parse(String s)\r\n   at CMCLIS.GATEWAY.SERVICES.API_LOG.LOG_CHUC_NANG_Add(LOG_CHUC_NANGInfo info) in E:\\CMCLIS\\CMCLIS_GATEWAY\\01-Base\\CMCLIS.GATEWAY.SERVICES\\API_LOG\\API_LOG.cs:line 52",
  "Status":"0",
  "AssignedTo":"",
  "CreatedBy":"2/27/2020 10:06:04 AM"
},
{
  "Guid":"d8971837-246a-4db4-b357-3bfacf01c8bf",
  "Version":"VERSION : 1.0",
  "Product":"CỔNG TIẾP NHẬN HỒ SƠ ĐỊA CHÍNH",
  "Date":"2/27/2020 10:06:54 AM",
  "Source":"[LOG_CHUC_NANG_Add]",
  "Message":"String must be exactly one character long.",
  "StackTrace":"   at System.Char.Parse(String s)\r\n   at CMCLIS.GATEWAY.SERVICES.API_LOG.LOG_CHUC_NANG_Add(LOG_CHUC_NANGInfo info) in E:\\CMCLIS\\CMCLIS_GATEWAY\\01-Base\\CMCLIS.GATEWAY.SERVICES\\API_LOG\\API_LOG.cs:line 52",
  "Status":"0",
  "AssignedTo":"",
  "CreatedBy":"2/27/2020 10:06:54 AM"
},
{
  "Guid":"aaa091ed-c54d-4f3b-8ca2-42eac23d727a",
  "Version":"VERSION : 1.0",
  "Product":"CỔNG TIẾP NHẬN HỒ SƠ ĐỊA CHÍNH",
  "Date":"2/27/2020 10:09:47 AM",
  "Source":"[LOG_CHUC_NANG_Add]",
  "Message":"String must be exactly one character long.",
  "StackTrace":"   at System.Char.Parse(String s)\r\n   at CMCLIS.GATEWAY.SERVICES.API_LOG.LOG_CHUC_NANG_Add(LOG_CHUC_NANGInfo info)",
  "Status":"0",
  "AssignedTo":"",
  "CreatedBy":"2/27/2020 10:09:47 AM"
},
